0 info it worked if it ends with ok
1 verbose cli [ 'node',
1 verbose cli   '/usr/local/bin/npm',
1 verbose cli   'install',
1 verbose cli   'node_modules/todomvc-app-css/index.css' ]
2 info using npm@2.1.18
3 info using node@v0.10.35
4 verbose node symlink /usr/local/bin/node
5 silly cache add args [ 'node_modules/todomvc-app-css/index.css', null ]
6 verbose cache add spec node_modules/todomvc-app-css/index.css
7 silly cache add parsed spec { raw: 'node_modules/todomvc-app-css/index.css',
7 silly cache add   scope: null,
7 silly cache add   name: null,
7 silly cache add   rawSpec: 'node_modules/todomvc-app-css/index.css',
7 silly cache add   spec: '/Users/TaylorFoster/Documents/The Iron Yard/TIY-TodoMVC/node_modules/todomvc-app-css/index.css',
7 silly cache add   type: 'local' }
8 error addLocal Could not install /Users/TaylorFoster/Documents/The Iron Yard/TIY-TodoMVC/node_modules/todomvc-app-css/index.css
9 verbose stack Error: ENOENT, open '/Users/TaylorFoster/Documents/The Iron Yard/TIY-TodoMVC/node_modules/todomvc-app-css/index.css'
10 verbose cwd /Users/TaylorFoster/Documents/The Iron Yard/TIY-TodoMVC
11 error Darwin 13.3.0
12 error argv "node" "/usr/local/bin/npm" "install" "node_modules/todomvc-app-css/index.css"
13 error node v0.10.35
14 error npm  v2.1.18
15 error path /Users/TaylorFoster/Documents/The Iron Yard/TIY-TodoMVC/node_modules/todomvc-app-css/index.css
16 error code ENOENT
17 error errno 34
18 error enoent ENOENT, open '/Users/TaylorFoster/Documents/The Iron Yard/TIY-TodoMVC/node_modules/todomvc-app-css/index.css'
18 error enoent This is most likely not a problem with npm itself
18 error enoent and is related to npm not being able to find a file.
19 verbose exit [ 34, true ]
